Determining if the pthread_create exist failed with the following output:
Change Dir: /home/wuyuan/wuyuan_code/vo_py/build/CMakeFiles/CMakeTmp

Run Build Command:"/usr/bin/make" "cmTC_2718d/fast"
/usr/bin/make -f CMakeFiles/cmTC_2718d.dir/build.make CMakeFiles/cmTC_2718d.dir/build
make[1]: Entering directory '/home/wuyuan/wuyuan_code/vo_py/build/CMakeFiles/CMakeTmp'
Building C object CMakeFiles/cmTC_2718d.dir/CheckSymbolExists.c.o
/usr/bin/cc   -fPIC    -o CMakeFiles/cmTC_2718d.dir/CheckSymbolExists.c.o   -c /home/wuyuan/wuyuan_code/vo_py/build/CMakeFiles/CMakeTmp/CheckSymbolExists.c
Linking C executable cmTC_2718d
/usr/local/lib/python2.7/dist-packages/cmake/data/bin/cmake -E cmake_link_script CMakeFiles/cmTC_2718d.dir/link.txt --verbose=1
/usr/bin/cc -fPIC     -rdynamic CMakeFiles/cmTC_2718d.dir/CheckSymbolExists.c.o  -o cmTC_2718d 
CMakeFiles/cmTC_2718d.dir/CheckSymbolExists.c.o: In function `main':
CheckSymbolExists.c:(.text+0x1b): undefined reference to `pthread_create'
collect2: error: ld returned 1 exit status
CMakeFiles/cmTC_2718d.dir/build.make:86: recipe for target 'cmTC_2718d' failed
make[1]: *** [cmTC_2718d] Error 1
make[1]: Leaving directory '/home/wuyuan/wuyuan_code/vo_py/build/CMakeFiles/CMakeTmp'
Makefile:121: recipe for target 'cmTC_2718d/fast' failed
make: *** [cmTC_2718d/fast] Error 2

File /home/wuyuan/wuyuan_code/vo_py/build/CMakeFiles/CMakeTmp/CheckSymbolExists.c:
/* */
#include <pthread.h>

int main(int argc, char** argv)
{
  (void)argv;
#ifndef pthread_create
  return ((int*)(&pthread_create))[argc];
#else
  (void)argc;
  return 0;
#endif
}

Determining if the function pthread_create exists in the pthreads failed with the following output:
Change Dir: /home/wuyuan/wuyuan_code/vo_py/build/CMakeFiles/CMakeTmp

Run Build Command:"/usr/bin/make" "cmTC_7fe86/fast"
/usr/bin/make -f CMakeFiles/cmTC_7fe86.dir/build.make CMakeFiles/cmTC_7fe86.dir/build
make[1]: Entering directory '/home/wuyuan/wuyuan_code/vo_py/build/CMakeFiles/CMakeTmp'
Building C object CMakeFiles/cmTC_7fe86.dir/CheckFunctionExists.c.o
/usr/bin/cc   -fPIC -DCHECK_FUNCTION_EXISTS=pthread_create   -o CMakeFiles/cmTC_7fe86.dir/CheckFunctionExists.c.o   -c /usr/local/lib/python2.7/dist-packages/cmake/data/share/cmake-3.13/Modules/CheckFunctionExists.c
Linking C executable cmTC_7fe86
/usr/local/lib/python2.7/dist-packages/cmake/data/bin/cmake -E cmake_link_script CMakeFiles/cmTC_7fe86.dir/link.txt --verbose=1
/usr/bin/cc -fPIC -DCHECK_FUNCTION_EXISTS=pthread_create    -rdynamic CMakeFiles/cmTC_7fe86.dir/CheckFunctionExists.c.o  -o cmTC_7fe86 -lpthreads 
/usr/bin/ld: cannot find -lpthreads
collect2: error: ld returned 1 exit status
CMakeFiles/cmTC_7fe86.dir/build.make:86: recipe for target 'cmTC_7fe86' failed
make[1]: *** [cmTC_7fe86] Error 1
make[1]: Leaving directory '/home/wuyuan/wuyuan_code/vo_py/build/CMakeFiles/CMakeTmp'
Makefile:121: recipe for target 'cmTC_7fe86/fast' failed
make: *** [cmTC_7fe86/fast] Error 2


